<?xml version="1.0" encoding="UTF-8"?>
<testng-results ignored="0" total="17" passed="17" failed="0" skipped="0">
  <reporter-output>
  </reporter-output>
  <suite started-at="2024-02-29T17:04:25 IST" name="Surefire suite" finished-at="2024-02-29T17:08:23 IST" duration-ms="237766">
    <groups>
      <group name="cucumber">
        <method signature="AbstractTestNGCucumberTests.runScenario(io.cucumber.testng.PickleWrapper,io.cucumber.testng.FeatureWrapper)[pri:0, instance:com.testRunner.TestRunner@6c80d78a]" name="runScenario" class="io.cucumber.testng.AbstractTestNGCucumberTests"/>
      </group> <!-- cucumber -->
    </groups>
    <test started-at="2024-02-29T17:04:25 IST" name="Surefire test" finished-at="2024-02-29T17:08:23 IST" duration-ms="237766">
      <class name="com.testRunner.TestRunner">
        <test-method is-config="true" signature="setUpClass(org.testng.ITestContext)[pri:0, instance:com.testRunner.TestRunner@6c80d78a]" started-at="2024-02-29T17:04:25 IST" name="setUpClass" finished-at="2024-02-29T17:04:50 IST" duration-ms="24350" status="PASS">
          <params>
            <param index="0">
              <value>
                <![CDATA[org.testng.TestRunner@4e25282d]]>
              </value>
            </param>
          </params>
          <reporter-output>
          </reporter-output>
        </test-method> <!-- setUpClass -->
        <test-method signature="runScenario(io.cucumber.testng.PickleWrapper,io.cucumber.testng.FeatureWrapper)[pri:0, instance:com.testRunner.TestRunner@6c80d78a]" started-at="2024-02-29T17:04:50 IST" name="runScenario" description="Runs Cucumber Scenarios" data-provider="scenarios" finished-at="2024-02-29T17:05:03 IST" duration-ms="13520" status="PASS">
          <params>
            <param index="0">
              <value>
                <![CDATA["Search For Courses"]]>
              </value>
            </param>
            <param index="1">
              <value>
                <![CDATA["Regression testing"]]>
              </value>
            </param>
          </params>
          <reporter-output>
          </reporter-output>
        </test-method> <!-- runScenario -->
        <test-method signature="runScenario(io.cucumber.testng.PickleWrapper,io.cucumber.testng.FeatureWrapper)[pri:0, instance:com.testRunner.TestRunner@6c80d78a]" started-at="2024-02-29T17:05:03 IST" name="runScenario" description="Runs Cucumber Scenarios" data-provider="scenarios" finished-at="2024-02-29T17:05:12 IST" duration-ms="8488" status="PASS">
          <params>
            <param index="0">
              <value>
                <![CDATA["Extracting details1"]]>
              </value>
            </param>
            <param index="1">
              <value>
                <![CDATA["Regression testing"]]>
              </value>
            </param>
          </params>
          <reporter-output>
          </reporter-output>
        </test-method> <!-- runScenario -->
        <test-method signature="runScenario(io.cucumber.testng.PickleWrapper,io.cucumber.testng.FeatureWrapper)[pri:0, instance:com.testRunner.TestRunner@6c80d78a]" started-at="2024-02-29T17:05:12 IST" name="runScenario" description="Runs Cucumber Scenarios" data-provider="scenarios" finished-at="2024-02-29T17:05:19 IST" duration-ms="7090" status="PASS">
          <params>
            <param index="0">
              <value>
                <![CDATA["Extracting details2"]]>
              </value>
            </param>
            <param index="1">
              <value>
                <![CDATA["Regression testing"]]>
              </value>
            </param>
          </params>
          <reporter-output>
          </reporter-output>
        </test-method> <!-- runScenario -->
        <test-method signature="runScenario(io.cucumber.testng.PickleWrapper,io.cucumber.testng.FeatureWrapper)[pri:0, instance:com.testRunner.TestRunner@6c80d78a]" started-at="2024-02-29T17:05:19 IST" name="runScenario" description="Runs Cucumber Scenarios" data-provider="scenarios" finished-at="2024-02-29T17:05:39 IST" duration-ms="20066" status="PASS">
          <params>
            <param index="0">
              <value>
                <![CDATA["Extract language and levels"]]>
              </value>
            </param>
            <param index="1">
              <value>
                <![CDATA["Regression testing"]]>
              </value>
            </param>
          </params>
          <reporter-output>
          </reporter-output>
        </test-method> <!-- runScenario -->
        <test-method signature="runScenario(io.cucumber.testng.PickleWrapper,io.cucumber.testng.FeatureWrapper)[pri:0, instance:com.testRunner.TestRunner@6c80d78a]" started-at="2024-02-29T17:05:39 IST" name="runScenario" description="Runs Cucumber Scenarios" data-provider="scenarios" finished-at="2024-02-29T17:05:42 IST" duration-ms="3578" status="PASS">
          <params>
            <param index="0">
              <value>
                <![CDATA["Launch Browser"]]>
              </value>
            </param>
            <param index="1">
              <value>
                <![CDATA["Smoke Testing"]]>
              </value>
            </param>
          </params>
          <reporter-output>
          </reporter-output>
        </test-method> <!-- runScenario -->
        <test-method signature="runScenario(io.cucumber.testng.PickleWrapper,io.cucumber.testng.FeatureWrapper)[pri:0, instance:com.testRunner.TestRunner@6c80d78a]" started-at="2024-02-29T17:05:42 IST" name="runScenario" description="Runs Cucumber Scenarios" data-provider="scenarios" finished-at="2024-02-29T17:05:44 IST" duration-ms="1169" status="PASS">
          <params>
            <param index="0">
              <value>
                <![CDATA["Validate search box"]]>
              </value>
            </param>
            <param index="1">
              <value>
                <![CDATA["Smoke Testing"]]>
              </value>
            </param>
          </params>
          <reporter-output>
          </reporter-output>
        </test-method> <!-- runScenario -->
        <test-method signature="runScenario(io.cucumber.testng.PickleWrapper,io.cucumber.testng.FeatureWrapper)[pri:0, instance:com.testRunner.TestRunner@6c80d78a]" started-at="2024-02-29T17:05:44 IST" name="runScenario" description="Runs Cucumber Scenarios" data-provider="scenarios" finished-at="2024-02-29T17:05:57 IST" duration-ms="13922" status="PASS">
          <params>
            <param index="0">
              <value>
                <![CDATA["Validate Search Icon"]]>
              </value>
            </param>
            <param index="1">
              <value>
                <![CDATA["Smoke Testing"]]>
              </value>
            </param>
          </params>
          <reporter-output>
          </reporter-output>
        </test-method> <!-- runScenario -->
        <test-method signature="runScenario(io.cucumber.testng.PickleWrapper,io.cucumber.testng.FeatureWrapper)[pri:0, instance:com.testRunner.TestRunner@6c80d78a]" started-at="2024-02-29T17:05:57 IST" name="runScenario" description="Runs Cucumber Scenarios" data-provider="scenarios" finished-at="2024-02-29T17:06:00 IST" duration-ms="2105" status="PASS">
          <params>
            <param index="0">
              <value>
                <![CDATA["Validate show more link"]]>
              </value>
            </param>
            <param index="1">
              <value>
                <![CDATA["Smoke Testing"]]>
              </value>
            </param>
          </params>
          <reporter-output>
          </reporter-output>
        </test-method> <!-- runScenario -->
        <test-method signature="runScenario(io.cucumber.testng.PickleWrapper,io.cucumber.testng.FeatureWrapper)[pri:0, instance:com.testRunner.TestRunner@6c80d78a]" started-at="2024-02-29T17:06:00 IST" name="runScenario" description="Runs Cucumber Scenarios" data-provider="scenarios" finished-at="2024-02-29T17:06:00 IST" duration-ms="812" status="PASS">
          <params>
            <param index="0">
              <value>
                <![CDATA["Validate filters"]]>
              </value>
            </param>
            <param index="1">
              <value>
                <![CDATA["Smoke Testing"]]>
              </value>
            </param>
          </params>
          <reporter-output>
          </reporter-output>
        </test-method> <!-- runScenario -->
        <test-method signature="runScenario(io.cucumber.testng.PickleWrapper,io.cucumber.testng.FeatureWrapper)[pri:0, instance:com.testRunner.TestRunner@6c80d78a]" started-at="2024-02-29T17:06:00 IST" name="runScenario" description="Runs Cucumber Scenarios" data-provider="scenarios" finished-at="2024-02-29T17:06:12 IST" duration-ms="11792" status="PASS">
          <params>
            <param index="0">
              <value>
                <![CDATA["Validate first navigation links"]]>
              </value>
            </param>
            <param index="1">
              <value>
                <![CDATA["Smoke Testing"]]>
              </value>
            </param>
          </params>
          <reporter-output>
          </reporter-output>
        </test-method> <!-- runScenario -->
        <test-method signature="runScenario(io.cucumber.testng.PickleWrapper,io.cucumber.testng.FeatureWrapper)[pri:0, instance:com.testRunner.TestRunner@6c80d78a]" started-at="2024-02-29T17:06:12 IST" name="runScenario" description="Runs Cucumber Scenarios" data-provider="scenarios" finished-at="2024-02-29T17:06:28 IST" duration-ms="15975" status="PASS">
          <params>
            <param index="0">
              <value>
                <![CDATA["Validate second navigation links"]]>
              </value>
            </param>
            <param index="1">
              <value>
                <![CDATA["Smoke Testing"]]>
              </value>
            </param>
          </params>
          <reporter-output>
          </reporter-output>
        </test-method> <!-- runScenario -->
        <test-method signature="runScenario(io.cucumber.testng.PickleWrapper,io.cucumber.testng.FeatureWrapper)[pri:0, instance:com.testRunner.TestRunner@6c80d78a]" started-at="2024-02-29T17:06:28 IST" name="runScenario" description="Runs Cucumber Scenarios" data-provider="scenarios" finished-at="2024-02-29T17:06:40 IST" duration-ms="11910" status="PASS">
          <params>
            <param index="0">
              <value>
                <![CDATA["Validate third navigation links"]]>
              </value>
            </param>
            <param index="1">
              <value>
                <![CDATA["Smoke Testing"]]>
              </value>
            </param>
          </params>
          <reporter-output>
          </reporter-output>
        </test-method> <!-- runScenario -->
        <test-method signature="runScenario(io.cucumber.testng.PickleWrapper,io.cucumber.testng.FeatureWrapper)[pri:0, instance:com.testRunner.TestRunner@6c80d78a]" started-at="2024-02-29T17:06:40 IST" name="runScenario" description="Runs Cucumber Scenarios" data-provider="scenarios" finished-at="2024-02-29T17:06:46 IST" duration-ms="6372" status="PASS">
          <params>
            <param index="0">
              <value>
                <![CDATA["Validate Solution dropdown"]]>
              </value>
            </param>
            <param index="1">
              <value>
                <![CDATA["Smoke Testing"]]>
              </value>
            </param>
          </params>
          <reporter-output>
          </reporter-output>
        </test-method> <!-- runScenario -->
        <test-method signature="runScenario(io.cucumber.testng.PickleWrapper,io.cucumber.testng.FeatureWrapper)[pri:0, instance:com.testRunner.TestRunner@6c80d78a]" started-at="2024-02-29T17:06:46 IST" name="runScenario" description="Runs Cucumber Scenarios" data-provider="scenarios" finished-at="2024-02-29T17:06:53 IST" duration-ms="6616" status="PASS">
          <params>
            <param index="0">
              <value>
                <![CDATA["Validate Solution dropdown options"]]>
              </value>
            </param>
            <param index="1">
              <value>
                <![CDATA["Smoke Testing"]]>
              </value>
            </param>
          </params>
          <reporter-output>
          </reporter-output>
        </test-method> <!-- runScenario -->
        <test-method signature="runScenario(io.cucumber.testng.PickleWrapper,io.cucumber.testng.FeatureWrapper)[pri:0, instance:com.testRunner.TestRunner@6c80d78a]" started-at="2024-02-29T17:06:53 IST" name="runScenario" description="Runs Cucumber Scenarios" data-provider="scenarios" finished-at="2024-02-29T17:07:05 IST" duration-ms="11662" status="PASS">
          <params>
            <param index="0">
              <value>
                <![CDATA["Navigate to form"]]>
              </value>
            </param>
            <param index="1">
              <value>
                <![CDATA["End to End testing"]]>
              </value>
            </param>
          </params>
          <reporter-output>
          </reporter-output>
        </test-method> <!-- runScenario -->
        <test-method signature="runScenario(io.cucumber.testng.PickleWrapper,io.cucumber.testng.FeatureWrapper)[pri:0, instance:com.testRunner.TestRunner@6c80d78a]" started-at="2024-02-29T17:07:05 IST" name="runScenario" description="Runs Cucumber Scenarios" data-provider="scenarios" finished-at="2024-02-29T17:07:52 IST" duration-ms="46863" status="PASS">
          <params>
            <param index="0">
              <value>
                <![CDATA["Fill The Form"]]>
              </value>
            </param>
            <param index="1">
              <value>
                <![CDATA["End to End testing"]]>
              </value>
            </param>
          </params>
          <reporter-output>
          </reporter-output>
        </test-method> <!-- runScenario -->
        <test-method signature="runScenario(io.cucumber.testng.PickleWrapper,io.cucumber.testng.FeatureWrapper)[pri:0, instance:com.testRunner.TestRunner@6c80d78a]" started-at="2024-02-29T17:07:52 IST" name="runScenario" description="Runs Cucumber Scenarios" data-provider="scenarios" finished-at="2024-02-29T17:08:22 IST" duration-ms="30812" status="PASS">
          <params>
            <param index="0">
              <value>
                <![CDATA["Fill The Form"]]>
              </value>
            </param>
            <param index="1">
              <value>
                <![CDATA["End to End testing"]]>
              </value>
            </param>
          </params>
          <reporter-output>
          </reporter-output>
        </test-method> <!-- runScenario -->
        <test-method is-config="true" signature="tearDownClass()[pri:0, instance:com.testRunner.TestRunner@6c80d78a]" started-at="2024-02-29T17:08:22 IST" name="tearDownClass" finished-at="2024-02-29T17:08:23 IST" duration-ms="551" status="PASS">
          <reporter-output>
          </reporter-output>
        </test-method> <!-- tearDownClass -->
      </class> <!-- com.testRunner.TestRunner -->
    </test> <!-- Surefire test -->
  </suite> <!-- Surefire suite -->
</testng-results>
