<?xml version="1.0" encoding="UTF-8"?>
<testsuite xmlns:xsi="http://www.w3.org/2001/XMLSchema-instance" xsi:noNamespaceSchemaLocation="https://maven.apache.org/surefire/maven-surefire-plugin/xsd/surefire-test-report-3.0.xsd" version="3.0" name="TestSuite" time="240.47" tests="17" errors="0" skipped="0" failures="0">
  <properties>
[...]
</properties>
  <testcase name="runScenario[&quot;Search For Courses&quot;, &quot;Regression testing&quot;](1)" classname="com.testRunner.TestRunner" time="13.519">
    <system-out><![CDATA[
Scenario: Search For Courses                     # src/test/resources/FeatureFiles/Regression.feature:3
  Given user should be on courseera homepage     # com.stepDefinition.SearchDefinitions.user_should_be_on_courseera_homepage()

    Embedding Search For Courses [image/png 116348 bytes]

  When user search for "Web Development" courses # com.stepDefinition.SearchDefinitions.user_search_for_courses(java.lang.String)

    Embedding Search For Courses [image/png 282590 bytes]

  And user select English language               # com.stepDefinition.SearchDefinitions.user_select_english_language()

    Embedding Search For Courses [image/png 36985 bytes]

  And user select beginners level                # com.stepDefinition.SearchDefinitions.user_select_beginners_level()

    Embedding Search For Courses [image/png 45117 bytes]

]]></system-out>
    <system-err><![CDATA[SLF4J(W): No SLF4J providers were found.
SLF4J(W): Defaulting to no-operation (NOP) logger implementation
SLF4J(W): See https://www.slf4j.org/codes.html#noProviders for further details.
]]></system-err>
  </testcase>
  <testcase name="runScenario[&quot;Extracting details1&quot;, &quot;Regression testing&quot;](2)" classname="com.testRunner.TestRunner" time="8.487">
    <system-out><![CDATA[
Scenario: Extracting details1       # src/test/resources/FeatureFiles/Regression.feature:9
  Given user should see all courses # com.stepDefinition.smokeSteps.user_should_see_all_courses()

    Embedding Extracting details1 [image/png 174771 bytes]

  When user click on first course   # com.stepDefinition.smokeSteps.user_click_on_first_course()

    Embedding Extracting details1 [image/png 384903 bytes]

IBM Full Stack Software Developer Professional Certificate    
  Then user get the details         # com.stepDefinition.smokeSteps.user_get_the_details()

    Embedding Extracting details1 [image/png 370900 bytes]

]]></system-out>
  </testcase>
  <testcase name="runScenario[&quot;Extracting details2&quot;, &quot;Regression testing&quot;](3)" classname="com.testRunner.TestRunner" time="7.09">
    <system-out><![CDATA[
Scenario: Extracting details2       # src/test/resources/FeatureFiles/Regression.feature:14
  Given user should see all courses # com.stepDefinition.smokeSteps.user_should_see_all_courses()

    Embedding Extracting details2 [image/png 370900 bytes]

  When user click on second course  # com.stepDefinition.smokeSteps.user_click_on_second_course()

    Embedding Extracting details2 [image/png 370898 bytes]

Meta Front-End Developer Professional Certificate    
  Then user get the details         # com.stepDefinition.smokeSteps.user_get_the_details()

    Embedding Extracting details2 [image/png 370879 bytes]

]]></system-out>
  </testcase>
  <testcase name="runScenario[&quot;Extract language and levels&quot;, &quot;Regression testing&quot;](4)" classname="com.testRunner.TestRunner" time="20.066">
    <system-out><![CDATA[
Scenario: Extract language and levels              # src/test/resources/FeatureFiles/Regression.feature:19
  Given user should be on homepage                 # com.stepDefinition.languageSteps.user_should_be_on_homepage()

    Embedding Extract language and levels [image/png 161573 bytes]

  When User look for "Language Learning"           # com.stepDefinition.languageSteps.user_look_for(java.lang.String)

    Embedding Extract language and levels [image/png 160956 bytes]

English (1,701)
Spanish (1,123)
Arabic (1,042)
French (1,032)
German (1,007)
Portuguese (Brazil) (1,000)
Chinese (China) (992)
Indonesian (987)
Greek (979)
Thai (979)
Korean (978)
Russian (975)
Japanese (971)
Italian (969)
Turkish (961)
Hindi (958)
Swedish (958)
Dutch (956)
Ukrainian (956)
Polish (955)
Kazakh (930)
Hungarian (711)
Urdu (684)
Azerbaijani (680)
Bengali (680)
Pushto (680)
Vietnamese (531)
Persian (39)
Portuguese (Portugal) (33)
Chinese (Traditional) (22)
Afrikaans (19)
Romanian (19)
Serbian (11)
Mongolian (8)
Tamil (8)
Catalan (7)
Hebrew (7)
Javanese (7)
Slovak (6)
Telugu (6)
Marathi (5)
Burmese (4)
Czech (4)
Lithuanian (4)
Uzbek (3)
Albanian (2)
Bulgarian (2)
Georgian (2)
Portuguese (2)
Estonian (1)
Spanish (Latin America) (1)
Swahili (1)
  And user extract all languages                   # com.stepDefinition.languageSteps.user_extract_all_languages()

    Embedding Extract language and levels [image/png 207144 bytes]

Beginner (884)
Intermediate (779)
Advanced (80)
Mixed (149)
  And user extract all levels                      # com.stepDefinition.languageSteps.user_extract_all_levels()

    Embedding Extract language and levels [image/png 207144 bytes]

English
Spanish
Arabic
French
German
Portuguese
Chinese
Indonesian
Greek
Thai
Korean
Russian
Japanese
Italian
Turkish
Hindi
Swedish
Dutch
Ukrainian
Polish
Kazakh
Hungarian
Urdu
Azerbaijani
Bengali
Pushto
Vietnamese
Persian
Portuguese
Chinese
Afrikaans
Romanian
Serbian
Mongolian
Tamil
Catalan
Hebrew
Javanese
Slovak
Telugu
Marathi
Burmese
Czech
Lithuanian
Uzbek
Albanian
Bulgarian
Georgian
Portuguese
Estonian
Spanish
Swahili
Beginner (884)
Intermediate (779)
Advanced (80)
Mixed (149)
  Then user display langauge and level information # com.stepDefinition.languageSteps.user_display_langauge_and_level_information()

    Embedding Extract language and levels [image/png 207144 bytes]

]]></system-out>
  </testcase>
  <testcase name="runScenario[&quot;Launch Browser&quot;, &quot;Smoke Testing&quot;](5)" classname="com.testRunner.TestRunner" time="3.578">
    <system-out><![CDATA[
Scenario: Launch Browser               # src/test/resources/FeatureFiles/esmoke.feature:5
  Given user should launch the browser # com.stepDefinition.smokeSteps.user_should_launch_the_browser()

    Embedding Launch Browser [image/png 207144 bytes]

  When user navigates to url           # com.stepDefinition.smokeSteps.user_navigates_to_url()

    Embedding Launch Browser [image/png 162597 bytes]

  Then Web page should load            # com.stepDefinition.smokeSteps.web_page_should_load()

    Embedding Launch Browser [image/png 161573 bytes]

]]></system-out>
  </testcase>
  <testcase name="runScenario[&quot;Validate search box&quot;, &quot;Smoke Testing&quot;](6)" classname="com.testRunner.TestRunner" time="1.169">
    <system-out><![CDATA[
Scenario: Validate search box                # src/test/resources/FeatureFiles/esmoke.feature:11
  Given user should be on courseera homepage # com.stepDefinition.SearchDefinitions.user_should_be_on_courseera_homepage()

    Embedding Validate search box [image/png 161573 bytes]

  Then search box should displayed           # com.stepDefinition.smokeSteps.search_box_should_displayed()

    Embedding Validate search box [image/png 161573 bytes]

]]></system-out>
  </testcase>
  <testcase name="runScenario[&quot;Validate Search Icon&quot;, &quot;Smoke Testing&quot;](7)" classname="com.testRunner.TestRunner" time="13.923">
    <system-out><![CDATA[
Scenario: Validate Search Icon                  # src/test/resources/FeatureFiles/esmoke.feature:16
  Given user should be on courssera homepage    # com.stepDefinition.smokeSteps.user_should_be_on_courssera_homepage()

    Embedding Validate Search Icon [image/png 161573 bytes]

  When user search for "Web Development" course # com.stepDefinition.smokeSteps.user_search_for_course(java.lang.String)

    Embedding Validate Search Icon [image/png 282370 bytes]

]]></system-out>
  </testcase>
  <testcase name="runScenario[&quot;Validate show more link&quot;, &quot;Smoke Testing&quot;](8)" classname="com.testRunner.TestRunner" time="2.105">
    <system-out><![CDATA[
Scenario: Validate show more link                     # src/test/resources/FeatureFiles/esmoke.feature:21
  Given user should see all courses                   # com.stepDefinition.smokeSteps.user_should_see_all_courses()

    Embedding Validate show more link [image/png 282370 bytes]

  Then user should see all available language options # com.stepDefinition.smokeSteps.user_should_see_all_available_language_options()

    Embedding Validate show more link [image/png 191545 bytes]

]]></system-out>
  </testcase>
  <testcase name="runScenario[&quot;Validate filters&quot;, &quot;Smoke Testing&quot;](9)" classname="com.testRunner.TestRunner" time="0.811">
    <system-out><![CDATA[
Scenario: Validate filters           # src/test/resources/FeatureFiles/esmoke.feature:26
  Given user should see all courses  # com.stepDefinition.smokeSteps.user_should_see_all_courses()

    Embedding Validate filters [image/png 180966 bytes]

  When user clicks on Beginner level # com.stepDefinition.smokeSteps.user_clicks_on_beginner_level()

    Embedding Validate filters [image/png 46707 bytes]

  Then checkbox should be selected.  # com.stepDefinition.smokeSteps.checkbox_should_be_selected()

    Embedding Validate filters [image/png 45258 bytes]

]]></system-out>
  </testcase>
  <testcase name="runScenario[&quot;Validate first navigation links&quot;, &quot;Smoke Testing&quot;](10)" classname="com.testRunner.TestRunner" time="11.791">
    <system-out><![CDATA[
Scenario: Validate first navigation links    # src/test/resources/FeatureFiles/esmoke.feature:32
  Given user should be on courssera homepage # com.stepDefinition.smokeSteps.user_should_be_on_courssera_homepage()

    Embedding Validate first navigation links [image/png 161573 bytes]

  When user clicks on for individual link    # com.stepDefinition.smokeSteps.user_clicks_on_for_individual_link()

    Embedding Validate first navigation links [image/png 161573 bytes]

  Then user should see courseera homepage    # com.stepDefinition.smokeSteps.user_should_see_courseera_homepage()

    Embedding Validate first navigation links [image/png 161573 bytes]

]]></system-out>
  </testcase>
  <testcase name="runScenario[&quot;Validate second navigation links&quot;, &quot;Smoke Testing&quot;](11)" classname="com.testRunner.TestRunner" time="15.975">
    <system-out><![CDATA[
Scenario: Validate second navigation links   # src/test/resources/FeatureFiles/esmoke.feature:38
  Given user should be on courssera homepage # com.stepDefinition.smokeSteps.user_should_be_on_courssera_homepage()

    Embedding Validate second navigation links [image/png 161573 bytes]

  When user clicks on for bussiness link     # com.stepDefinition.smokeSteps.user_clicks_on_for_buiseness_link()

    Embedding Validate second navigation links [image/png 433412 bytes]

  Then user should see bussiness page.       # com.stepDefinition.smokeSteps.user_should_see_buiseness_page()

    Embedding Validate second navigation links [image/png 433412 bytes]

]]></system-out>
  </testcase>
  <testcase name="runScenario[&quot;Validate third navigation links&quot;, &quot;Smoke Testing&quot;](12)" classname="com.testRunner.TestRunner" time="11.909">
    <system-out><![CDATA[
Scenario: Validate third navigation links    # src/test/resources/FeatureFiles/esmoke.feature:44
  Given user should be on courssera homepage # com.stepDefinition.smokeSteps.user_should_be_on_courssera_homepage()

    Embedding Validate third navigation links [image/png 161573 bytes]

  When user clicks on for universities link  # com.stepDefinition.smokeSteps.user_clicks_on_for_universities_link()

    Embedding Validate third navigation links [image/png 508743 bytes]

  Then user should see for campus page       # com.stepDefinition.smokeSteps.user_should_see_for_campus_page()

    Embedding Validate third navigation links [image/png 508743 bytes]

]]></system-out>
  </testcase>
  <testcase name="runScenario[&quot;Validate Solution dropdown&quot;, &quot;Smoke Testing&quot;](13)" classname="com.testRunner.TestRunner" time="6.372">
    <system-out><![CDATA[
Scenario: Validate Solution dropdown        # src/test/resources/FeatureFiles/esmoke.feature:50
  Given user should see bussiness page      # com.stepDefinition.smokeSteps.user_should_see_buieness_page()

    Embedding Validate Solution dropdown [image/png 440987 bytes]

  Then user clicks on the solution dropdown # com.stepDefinition.smokeSteps.user_clicks_on_the_solution_dropdown()

    Embedding Validate Solution dropdown [image/png 54613 bytes]

  When user should see  solutions options   # com.stepDefinition.smokeSteps.user_should_see_solutions_options()

    Embedding Validate Solution dropdown [image/png 441240 bytes]

]]></system-out>
  </testcase>
  <testcase name="runScenario[&quot;Validate Solution dropdown options&quot;, &quot;Smoke Testing&quot;](14)" classname="com.testRunner.TestRunner" time="6.617">
    <system-out><![CDATA[
Scenario: Validate Solution dropdown options   # src/test/resources/FeatureFiles/esmoke.feature:56
  Given user should click on solution dropdown # com.stepDefinition.smokeSteps.user_should_click_on_solution_dropdown()

    Embedding Validate Solution dropdown options [image/png 53821 bytes]

  When user clicks on For Campus option        # com.stepDefinition.smokeSteps.user_clicks_on_for_campus_option()

    Embedding Validate Solution dropdown options [image/png 508743 bytes]

  Then user should see for campus page         # com.stepDefinition.smokeSteps.user_should_see_for_campus_page()

    Embedding Validate Solution dropdown options [image/png 508743 bytes]

]]></system-out>
  </testcase>
  <testcase name="runScenario[&quot;Navigate to form&quot;, &quot;End to End testing&quot;](15)" classname="com.testRunner.TestRunner" time="11.662">
    <system-out><![CDATA[
Scenario: Navigate to form                    # src/test/resources/FeatureFiles/sEnd2End.feature:3
  Given user should be on For Enterprise page # com.stepDefinition.formSteps.user_should_be_on_for_enterprise_page()

    Embedding Navigate to form [image/png 440987 bytes]

  When user clicks on solution dropdown       # com.stepDefinition.formSteps.user_clicks_on_solution_dropdown()

    Embedding Navigate to form [image/png 55704 bytes]

  And user click on For Campus option         # com.stepDefinition.formSteps.user_click_on_for_campus_option()

    Embedding Navigate to form [image/png 508743 bytes]

]]></system-out>
  </testcase>
  <testcase name="runScenario[&quot;Fill The Form&quot;, &quot;End to End testing&quot;](16)" classname="com.testRunner.TestRunner" time="46.863">
    <system-out><![CDATA[
Scenario Outline: Fill The Form                                                                       # src/test/resources/FeatureFiles/sEnd2End.feature:17
  Given user should scroll down to the form                                                           # com.stepDefinition.formSteps.user_should_scroll_down_to_the_form()

    Embedding Fill The Form [image/png 66065 bytes]

  When user fills the form with "test","test","test@cognizant.com","9876545321","test","test","valid" # com.stepDefinition.formSteps.user_fills_the_form(java.lang.String,java.lang.String,java.lang.String,java.lang.String,java.lang.String,java.lang.String,java.lang.String)

    Embedding Fill The Form [image/png 87441 bytes]

  And user submits the form                                                                           # com.stepDefinition.formSteps.user_submits_the_form()

    Embedding Fill The Form [image/png 94876 bytes]

Message after submiting valid data:-null  And user captures "valid" message                                                                   # com.stepDefinition.formSteps.user_captures_the_message(java.lang.String)

    Embedding Fill The Form [image/png 70281 bytes]

]]></system-out>
  </testcase>
  <testcase name="runScenario[&quot;Fill The Form&quot;, &quot;End to End testing&quot;](17)" classname="com.testRunner.TestRunner" time="30.812">
    <system-out><![CDATA[
Scenario Outline: Fill The Form                                                                # src/test/resources/FeatureFiles/sEnd2End.feature:18
  Given user should scroll down to the form                                                    # com.stepDefinition.formSteps.user_should_scroll_down_to_the_form()

    Embedding Fill The Form [image/png 66836 bytes]

  When user fills the form with "test1","test1","test1","1234567898","test1","test1","invalid" # com.stepDefinition.formSteps.user_fills_the_form(java.lang.String,java.lang.String,java.lang.String,java.lang.String,java.lang.String,java.lang.String,java.lang.String)

    Embedding Fill The Form [image/png 89393 bytes]

  And user submits the form                                                                    # com.stepDefinition.formSteps.user_submits_the_form()

    Embedding Fill The Form [image/png 89664 bytes]

Message after submiting invalid data:-Must be valid email.
example@yourdomain.com  And user captures "invalid" message                                                          # com.stepDefinition.formSteps.user_captures_the_message(java.lang.String)

    Embedding Fill The Form [image/png 440987 bytes]

]]></system-out>
  </testcase>
</testsuite>